This file contains any messages produced by compilers while
running configure, to aid debugging if configure makes a mistake.

It was created by libpcl configure 1.12, which was
generated by GNU Autoconf 2.65.  Invocation command line was

  $ ./configure --prefix=/shared/foliern/snetInstall/

## --------- ##
## Platform. ##
## --------- ##

hostname = marc022
uname -m = x86_64
uname -r = 2.6.32-41-generic
uname -s = Linux
uname -v = #94-Ubuntu SMP Fri Jul 6 18:00:34 UTC 2012

/usr/bin/uname -p = unknown
/bin/uname -X     = unknown

/bin/arch              = unknown
/usr/bin/arch -k       = unknown
/usr/convex/getsysinfo = unknown
/usr/bin/hostinfo      = unknown
/bin/machine           = unknown
/usr/bin/oslevel       = unknown
/bin/universe          = unknown

PATH: /shared/foliern/snetInstall/bin
PATH: /shared/foliern/soft/bin
PATH: /shared/foliern/sccLinux/buildroot-2011.11/output/host/usr/bin
PATH: /shared/foliern/snetInstall/bin
PATH: /shared/foliern/soft/bin
PATH: /shared/foliern/sccLinux/buildroot-2011.11/output/host/usr/bin
PATH: /shared/foliern/script/
PATH: /usr/local/sbin
PATH: /usr/local/bin
PATH: /usr/sbin
PATH: /usr/bin
PATH: /sbin
PATH: /bin
PATH: /usr/games
PATH: /opt/sccKit/1.4.2.2/bin


## ----------- ##
## Core tests. ##
## ----------- ##

configure:2245: checking for a BSD-compatible install
configure:2313: result: /usr/bin/install -c
configure:2324: checking whether build environment is sane
configure:2374: result: yes
configure:2515: checking for a thread-safe mkdir -p
configure:2554: result: /bin/mkdir -p
configure:2567: checking for gawk
configure:2583: found /shared/foliern/sccLinux/buildroot-2011.11/output/host/usr/bin/gawk
configure:2594: result: gawk
configure:2605: checking whether make sets $(MAKE)
configure:2627: result: yes
configure:2711: checking whether make sets $(MAKE)
configure:2733: result: yes
configure:2790: checking for gcc
configure:2806: found /shared/foliern/sccLinux/buildroot-2011.11/output/host/usr/bin/gcc
configure:2817: result: gcc
configure:3046: checking for C compiler version
configure:3055: gcc --version >&5
gcc (crosstool-NG 1.13.2 - buildroot 2011.11-g5ececbb) 4.6.1
Copyright (C) 2011 Free Software Foundation, Inc.
This is free software; see the source for copying conditions.  There is NO
warranty; not even for MERCHANTABILITY or FITNESS FOR A PARTICULAR PURPOSE.

configure:3066: $? = 0
configure:3055: gcc -v >&5
Using built-in specs.
COLLECT_GCC=gcc
COLLECT_LTO_WRAPPER=/shared/foliern/sccLinux/buildroot-2011.11/output/host/usr/libexec/gcc/i586-unknown-linux-gnu/4.6.1/lto-wrapper
Target: i586-unknown-linux-gnu
Configured with: /shared/foliern/sccLinux/buildroot-2011.11/output/build/build-toolchain/.build/src/gcc-4.6.1/configure --build=x86_64-build_unknown-linux-gnu --host=x86_64-build_unknown-linux-gnu --target=i586-unknown-linux-gnu --prefix=/shared/foliern/sccLinux/buildroot-2011.11/output/host/usr --with-sysroot=/shared/foliern/sccLinux/buildroot-2011.11/output/host/usr/i586-unknown-linux-gnu/sysroot --enable-languages=c,c++ --disable-multilib --with-arch=i586 --with-cpu=pentium --with-tune=i586 --with-pkgversion='crosstool-NG 1.13.2 - buildroot 2011.11-g5ececbb' --enable-__cxa_atexit --disable-libmudflap --disable-libgomp --disable-libssp --with-gmp=/shared/foliern/sccLinux/buildroot-2011.11/output/build/build-toolchain/.build/i586-unknown-linux-gnu/build/static --with-mpfr=/shared/foliern/sccLinux/buildroot-2011.11/output/build/build-toolchain/.build/i586-unknown-linux-gnu/build/static --with-mpc=/shared/foliern/sccLinux/buildroot-2011.11/output/build/build-toolchain/.build/i586-unknown-linux-gnu/build/static --with-ppl=/shared/foliern/sccLinux/buildroot-2011.11/output/build/build-toolchain/.build/i586-unknown-linux-gnu/build/static --with-cloog=/shared/foliern/sccLinux/buildroot-2011.11/output/build/build-toolchain/.build/i586-unknown-linux-gnu/build/static --with-libelf=/shared/foliern/sccLinux/buildroot-2011.11/output/build/build-toolchain/.build/i586-unknown-linux-gnu/build/static --with-host-libstdcxx='-static-libgcc -Wl,-Bstatic,-lstdc++,-Bdynamic -lm -L/shared/foliern/sccLinux/buildroot-2011.11/output/build/build-toolchain/.build/i586-unknown-linux-gnu/build/static/lib -lpwl' --enable-threads=posix --with-long-double-128 --enable-plugin --with-local-prefix=/shared/foliern/sccLinux/buildroot-2011.11/output/host/usr/i586-unknown-linux-gnu/sysroot --disable-nls --enable-c99 --enable-long-long
Thread model: posix
gcc version 4.6.1 (crosstool-NG 1.13.2 - buildroot 2011.11-g5ececbb) 
configure:3066: $? = 0
configure:3055: gcc -V >&5
gcc: error: unrecognized option '-V'
gcc: fatal error: no input files
compilation terminated.
configure:3066: $? = 1
configure:3055: gcc -qversion >&5
gcc: error: unrecognized option '-qversion'
gcc: fatal error: no input files
compilation terminated.
configure:3066: $? = 1
configure:3086: checking whether the C compiler works
configure:3108: gcc    conftest.c  >&5
configure:3112: $? = 0
configure:3161: result: yes
configure:3164: checking for C compiler default output file name
configure:3166: result: a.out
configure:3172: checking for suffix of executables
configure:3179: gcc -o conftest    conftest.c  >&5
configure:3183: $? = 0
configure:3205: result: 
configure:3227: checking whether we are cross compiling
configure:3235: gcc -o conftest    conftest.c  >&5
configure:3239: $? = 0
configure:3246: ./conftest
configure:3250: $? = 0
configure:3265: result: no
configure:3270: checking for suffix of object files
configure:3292: gcc -c   conftest.c >&5
configure:3296: $? = 0
configure:3317: result: o
configure:3321: checking whether we are using the GNU C compiler
configure:3340: gcc -c   conftest.c >&5
configure:3340: $? = 0
configure:3349: result: yes
configure:3358: checking whether gcc accepts -g
configure:3378: gcc -c -g  conftest.c >&5
configure:3378: $? = 0
configure:3419: result: yes
configure:3436: checking for gcc option to accept ISO C89
configure:3500: gcc  -c -g -O2  conftest.c >&5
configure:3500: $? = 0
configure:3513: result: none needed
configure:3544: checking for style of include used by make
configure:3572: result: GNU
configure:3597: checking dependency style of gcc
configure:3707: result: gcc3
configure:3765: checking for ranlib
configure:3781: found /shared/foliern/sccLinux/buildroot-2011.11/output/host/usr/bin/ranlib
configure:3792: result: ranlib
configure:3844: checking build system type
configure:3858: result: x86_64-unknown-linux-gnu
configure:3878: checking host system type
configure:3891: result: x86_64-unknown-linux-gnu
configure:3911: checking for a sed that does not truncate output
configure:3975: result: /bin/sed
configure:3993: checking for grep that handles long lines and -e
configure:4051: result: /bin/grep
configure:4056: checking for egrep
configure:4118: result: /bin/grep -E
configure:4123: checking for fgrep
configure:4185: result: /bin/grep -F
configure:4220: checking for ld used by gcc
configure:4287: result: /shared/foliern/sccLinux/buildroot-2011.11/output/host/usr/i586-unknown-linux-gnu/bin/ld
configure:4294: checking if the linker (/shared/foliern/sccLinux/buildroot-2011.11/output/host/usr/i586-unknown-linux-gnu/bin/ld) is GNU ld
configure:4309: result: yes
configure:4321: checking for BSD- or MS-compatible name lister (nm)
configure:4370: result: /shared/foliern/sccLinux/buildroot-2011.11/output/host/usr/bin/nm -B
configure:4488: checking the name lister (/shared/foliern/sccLinux/buildroot-2011.11/output/host/usr/bin/nm -B) interface
configure:4495: gcc -c -g -O2  conftest.c >&5
configure:4498: /shared/foliern/sccLinux/buildroot-2011.11/output/host/usr/bin/nm -B "conftest.o"
configure:4501: output
00000000 B some_variable
configure:4508: result: BSD nm
configure:4511: checking whether ln -s works
configure:4515: result: yes
configure:4523: checking the maximum length of command line arguments
configure:4643: result: 1572864
configure:4660: checking whether the shell understands some XSI constructs
configure:4670: result: yes
configure:4674: checking whether the shell understands "+="
configure:4680: result: yes
configure:4715: checking for /shared/foliern/sccLinux/buildroot-2011.11/output/host/usr/i586-unknown-linux-gnu/bin/ld option to reload object files
configure:4722: result: -r
configure:4791: checking for objdump
configure:4807: found /shared/foliern/sccLinux/buildroot-2011.11/output/host/usr/bin/objdump
configure:4818: result: objdump
configure:4850: checking how to recognize dependent libraries
configure:5046: result: pass_all
configure:5106: checking for ar
configure:5122: found /shared/foliern/sccLinux/buildroot-2011.11/output/host/usr/bin/ar
configure:5133: result: ar
configure:5211: checking for strip
configure:5227: found /shared/foliern/sccLinux/buildroot-2011.11/output/host/usr/bin/strip
configure:5238: result: strip
configure:5310: checking for ranlib
configure:5337: result: ranlib
configure:5427: checking command to parse /shared/foliern/sccLinux/buildroot-2011.11/output/host/usr/bin/nm -B output from gcc object
configure:5545: gcc -c -g -O2  conftest.c >&5
configure:5548: $? = 0
configure:5552: /shared/foliern/sccLinux/buildroot-2011.11/output/host/usr/bin/nm -B conftest.o \| sed -n -e 's/^.*[	 ]\([ABCDGIRSTW][ABCDGIRSTW]*\)[	 ][	 ]*\([_A-Za-z][_A-Za-z0-9]*\)$/\1 \2 \2/p' \> conftest.nm
configure:5555: $? = 0
configure:5609: gcc -o conftest -g -O2   conftest.c conftstm.o >&5
configure:5612: $? = 0
configure:5650: result: ok
configure:5746: gcc -c -g -O2  conftest.c >&5
configure:5749: $? = 0
configure:6459: checking how to run the C preprocessor
configure:6490: gcc -E  conftest.c
configure:6490: $? = 0
configure:6504: gcc -E  conftest.c
conftest.c:11:28: fatal error: ac_nonexistent.h: No such file or directory
compilation terminated.
configure:6504: $? = 1
configure: failed program was:
| /* confdefs.h */
| #define PACKAGE_NAME "libpcl"
| #define PACKAGE_TARNAME "libpcl"
| #define PACKAGE_VERSION "1.12"
| #define PACKAGE_STRING "libpcl 1.12"
| #define PACKAGE_BUGREPORT ""
| #define PACKAGE_URL ""
| #define PACKAGE "libpcl"
| #define VERSION "1.12"
| /* end confdefs.h.  */
| #include <ac_nonexistent.h>
configure:6529: result: gcc -E
configure:6549: gcc -E  conftest.c
configure:6549: $? = 0
configure:6563: gcc -E  conftest.c
conftest.c:11:28: fatal error: ac_nonexistent.h: No such file or directory
compilation terminated.
configure:6563: $? = 1
configure: failed program was:
| /* confdefs.h */
| #define PACKAGE_NAME "libpcl"
| #define PACKAGE_TARNAME "libpcl"
| #define PACKAGE_VERSION "1.12"
| #define PACKAGE_STRING "libpcl 1.12"
| #define PACKAGE_BUGREPORT ""
| #define PACKAGE_URL ""
| #define PACKAGE "libpcl"
| #define VERSION "1.12"
| /* end confdefs.h.  */
| #include <ac_nonexistent.h>
configure:6592: checking for ANSI C header files
configure:6612: gcc -c -g -O2  conftest.c >&5
configure:6612: $? = 0
configure:6685: gcc -o conftest -g -O2   conftest.c  >&5
configure:6685: $? = 0
configure:6685: ./conftest
configure:6685: $? = 0
configure:6696: result: yes
configure:6709: checking for sys/types.h
configure:6709: gcc -c -g -O2  conftest.c >&5
configure:6709: $? = 0
configure:6709: result: yes
configure:6709: checking for sys/stat.h
configure:6709: gcc -c -g -O2  conftest.c >&5
configure:6709: $? = 0
configure:6709: result: yes
configure:6709: checking for stdlib.h
configure:6709: gcc -c -g -O2  conftest.c >&5
configure:6709: $? = 0
configure:6709: result: yes
configure:6709: checking for string.h
configure:6709: gcc -c -g -O2  conftest.c >&5
configure:6709: $? = 0
configure:6709: result: yes
configure:6709: checking for memory.h
configure:6709: gcc -c -g -O2  conftest.c >&5
configure:6709: $? = 0
configure:6709: result: yes
configure:6709: checking for strings.h
configure:6709: gcc -c -g -O2  conftest.c >&5
configure:6709: $? = 0
configure:6709: result: yes
configure:6709: checking for inttypes.h
configure:6709: gcc -c -g -O2  conftest.c >&5
configure:6709: $? = 0
configure:6709: result: yes
configure:6709: checking for stdint.h
configure:6709: gcc -c -g -O2  conftest.c >&5
configure:6709: $? = 0
configure:6709: result: yes
configure:6709: checking for unistd.h
configure:6709: gcc -c -g -O2  conftest.c >&5
configure:6709: $? = 0
configure:6709: result: yes
configure:6724: checking for dlfcn.h
configure:6724: gcc -c -g -O2  conftest.c >&5
configure:6724: $? = 0
configure:6724: result: yes
configure:6908: checking for objdir
configure:6923: result: .libs
configure:7215: checking if gcc supports -fno-rtti -fno-exceptions
configure:7233: gcc -c -g -O2  -fno-rtti -fno-exceptions conftest.c >&5
cc1: warning: command line option '-fno-rtti' is valid for C++/ObjC++ but not for C [enabled by default]
configure:7237: $? = 0
configure:7250: result: no
configure:7270: checking for gcc option to produce PIC
configure:7542: result: -fPIC -DPIC
configure:7554: checking if gcc PIC flag -fPIC -DPIC works
configure:7572: gcc -c -g -O2  -fPIC -DPIC -DPIC conftest.c >&5
configure:7576: $? = 0
configure:7589: result: yes
configure:7613: checking if gcc static flag -static works
configure:7641: result: yes
configure:7656: checking if gcc supports -c -o file.o
configure:7677: gcc -c -g -O2  -o out/conftest2.o conftest.c >&5
configure:7681: $? = 0
configure:7703: result: yes
configure:7711: checking if gcc supports -c -o file.o
configure:7758: result: yes
configure:7791: checking whether the gcc linker (/shared/foliern/sccLinux/buildroot-2011.11/output/host/usr/i586-unknown-linux-gnu/bin/ld -m elf_i386) supports shared libraries
configure:8782: result: yes
configure:8819: checking whether -lc should be explicitly linked in
configure:8824: gcc -c -g -O2  conftest.c >&5
configure:8827: $? = 0
configure:8842: gcc -shared conftest.o  -v -Wl,-soname -Wl,conftest -o conftest 2\>\&1 \| /bin/grep  -lc  \>/dev/null 2\>\&1
configure:8845: $? = 0
configure:8857: result: no
configure:9021: checking dynamic linker characteristics
configure:9454: gcc -o conftest -g -O2   -Wl,-rpath -Wl,/foo conftest.c  >&5
configure:9454: $? = 0
configure:9684: result: GNU/Linux ld.so
configure:9786: checking how to hardcode library paths into programs
configure:9811: result: immediate
configure:10331: checking whether stripping libraries is possible
configure:10336: result: yes
configure:10371: checking if libtool supports shared libraries
configure:10373: result: yes
configure:10376: checking whether to build shared libraries
configure:10397: result: yes
configure:10400: checking whether to build static libraries
configure:10404: result: yes
configure:10441: checking for ANSI C header files
configure:10545: result: yes
configure:10554: checking for inline
configure:10570: gcc -c -g -O2  conftest.c >&5
configure:10570: $? = 0
configure:10578: result: inline
configure:10596: checking for working volatile
configure:10615: gcc -c -g -O2  conftest.c >&5
configure:10615: $? = 0
configure:10622: result: yes
configure:10630: checking for an ANSI C-conforming const
configure:10695: gcc -c -g -O2  conftest.c >&5
configure:10695: $? = 0
configure:10702: result: yes
configure:10710: checking whether byte ordering is bigendian
configure:10725: gcc -c -g -O2  conftest.c >&5
conftest.c:25:9: error: unknown type name 'not'
conftest.c:25:15: error: expected '=', ',', ';', 'asm' or '__attribute__' before 'universal'
conftest.c:25:15: error: unknown type name 'universal'
configure:10725: $? = 1
configure: failed program was:
| /* confdefs.h */
| #define PACKAGE_NAME "libpcl"
| #define PACKAGE_TARNAME "libpcl"
| #define PACKAGE_VERSION "1.12"
| #define PACKAGE_STRING "libpcl 1.12"
| #define PACKAGE_BUGREPORT ""
| #define PACKAGE_URL ""
| #define PACKAGE "libpcl"
| #define VERSION "1.12"
| #define STDC_HEADERS 1
| #define HAVE_SYS_TYPES_H 1
| #define HAVE_SYS_STAT_H 1
| #define HAVE_STDLIB_H 1
| #define HAVE_STRING_H 1
| #define HAVE_MEMORY_H 1
| #define HAVE_STRINGS_H 1
| #define HAVE_INTTYPES_H 1
| #define HAVE_STDINT_H 1
| #define HAVE_UNISTD_H 1
| #define HAVE_DLFCN_H 1
| #define LT_OBJDIR ".libs/"
| #define STDC_HEADERS 1
| /* end confdefs.h.  */
| #ifndef __APPLE_CC__
| 	       not a universal capable compiler
| 	     #endif
| 	     typedef int dummy;
| 
configure:10770: gcc -c -g -O2  conftest.c >&5
configure:10770: $? = 0
configure:10788: gcc -c -g -O2  conftest.c >&5
conftest.c: In function 'main':
conftest.c:31:4: error: unknown type name 'not'
conftest.c:31:12: error: expected '=', ',', ';', 'asm' or '__attribute__' before 'endian'
configure:10788: $? = 1
configure: failed program was:
| /* confdefs.h */
| #define PACKAGE_NAME "libpcl"
| #define PACKAGE_TARNAME "libpcl"
| #define PACKAGE_VERSION "1.12"
| #define PACKAGE_STRING "libpcl 1.12"
| #define PACKAGE_BUGREPORT ""
| #define PACKAGE_URL ""
| #define PACKAGE "libpcl"
| #define VERSION "1.12"
| #define STDC_HEADERS 1
| #define HAVE_SYS_TYPES_H 1
| #define HAVE_SYS_STAT_H 1
| #define HAVE_STDLIB_H 1
| #define HAVE_STRING_H 1
| #define HAVE_MEMORY_H 1
| #define HAVE_STRINGS_H 1
| #define HAVE_INTTYPES_H 1
| #define HAVE_STDINT_H 1
| #define HAVE_UNISTD_H 1
| #define HAVE_DLFCN_H 1
| #define LT_OBJDIR ".libs/"
| #define STDC_HEADERS 1
| /* end confdefs.h.  */
| #include <sys/types.h>
| 		#include <sys/param.h>
| 
| int
| main ()
| {
| #if BYTE_ORDER != BIG_ENDIAN
| 		 not big endian
| 		#endif
| 
|   ;
|   return 0;
| }
configure:10916: result: no
configure:10938: checking for memset
configure:10938: gcc -o conftest -g -O2   conftest.c  >&5
conftest.c:47:6: warning: conflicting types for built-in function 'memset' [enabled by default]
configure:10938: $? = 0
configure:10938: result: yes
configure:10938: checking for malloc
configure:10938: gcc -o conftest -g -O2   conftest.c  >&5
conftest.c:48:6: warning: conflicting types for built-in function 'malloc' [enabled by default]
configure:10938: $? = 0
configure:10938: result: yes
configure:10938: checking for free
configure:10938: gcc -o conftest -g -O2   conftest.c  >&5
conftest.c:49:6: warning: conflicting types for built-in function 'free' [enabled by default]
configure:10938: $? = 0
configure:10938: result: yes
configure:10951: checking for makecontext
configure:10951: gcc -o conftest -g -O2   conftest.c  >&5
configure:10951: $? = 0
configure:10951: result: yes
configure:10951: checking for getcontext
configure:10951: gcc -o conftest -g -O2   conftest.c  >&5
configure:10951: $? = 0
configure:10951: result: yes
configure:10951: checking for swapcontext
configure:10951: gcc -o conftest -g -O2   conftest.c  >&5
configure:10951: $? = 0
configure:10951: result: yes
configure:10963: checking for sigaction
configure:10963: gcc -o conftest -g -O2   conftest.c  >&5
configure:10963: $? = 0
configure:10963: result: yes
configure:10975: checking for longjmp
configure:10975: gcc -o conftest -g -O2   conftest.c  >&5
configure:10975: $? = 0
configure:10975: result: yes
configure:10975: checking for setjmp
configure:10975: gcc -o conftest -g -O2   conftest.c  >&5
configure:10975: $? = 0
configure:10975: result: yes
configure:10987: checking for sigaltstack
configure:10987: gcc -o conftest -g -O2   conftest.c  >&5
configure:10987: $? = 0
configure:10987: result: yes
configure:11119: creating ./config.status

## ---------------------- ##
## Running config.status. ##
## ---------------------- ##

This file was extended by libpcl config.status 1.12, which was
generated by GNU Autoconf 2.65.  Invocation command line was

  CONFIG_FILES    = 
  CONFIG_HEADERS  = 
  CONFIG_LINKS    = 
  CONFIG_COMMANDS = 
  $ ./config.status 

on marc022

config.status:1074: creating Makefile
config.status:1074: creating pcl/Makefile
config.status:1074: creating test/Makefile
config.status:1074: creating man/Makefile
config.status:1074: creating include/Makefile
config.status:1074: creating config.h
config.status:1246: config.h is unchanged
config.status:1294: executing depfiles commands
config.status:1294: executing libtool commands

## ---------------- ##
## Cache variables. ##
## ---------------- ##

ac_cv_build=x86_64-unknown-linux-gnu
ac_cv_c_bigendian=no
ac_cv_c_compiler_gnu=yes
ac_cv_c_const=yes
ac_cv_c_inline=inline
ac_cv_c_volatile=yes
ac_cv_env_CC_set=
ac_cv_env_CC_value=
ac_cv_env_CFLAGS_set=
ac_cv_env_CFLAGS_value=
ac_cv_env_CPPFLAGS_set=
ac_cv_env_CPPFLAGS_value=
ac_cv_env_CPP_set=
ac_cv_env_CPP_value=
ac_cv_env_LDFLAGS_set=
ac_cv_env_LDFLAGS_value=
ac_cv_env_LIBS_set=
ac_cv_env_LIBS_value=
ac_cv_env_build_alias_set=
ac_cv_env_build_alias_value=
ac_cv_env_host_alias_set=
ac_cv_env_host_alias_value=
ac_cv_env_target_alias_set=
ac_cv_env_target_alias_value=
ac_cv_func_free=yes
ac_cv_func_getcontext=yes
ac_cv_func_longjmp=yes
ac_cv_func_makecontext=yes
ac_cv_func_malloc=yes
ac_cv_func_memset=yes
ac_cv_func_setjmp=yes
ac_cv_func_sigaction=yes
ac_cv_func_sigaltstack=yes
ac_cv_func_swapcontext=yes
ac_cv_header_dlfcn_h=yes
ac_cv_header_inttypes_h=yes
ac_cv_header_memory_h=yes
ac_cv_header_stdc=yes
ac_cv_header_stdint_h=yes
ac_cv_header_stdlib_h=yes
ac_cv_header_string_h=yes
ac_cv_header_strings_h=yes
ac_cv_header_sys_stat_h=yes
ac_cv_header_sys_types_h=yes
ac_cv_header_unistd_h=yes
ac_cv_host=x86_64-unknown-linux-gnu
ac_cv_objext=o
ac_cv_path_EGREP='/bin/grep -E'
ac_cv_path_FGREP='/bin/grep -F'
ac_cv_path_GREP=/bin/grep
ac_cv_path_SED=/bin/sed
ac_cv_path_install='/usr/bin/install -c'
ac_cv_path_mkdir=/bin/mkdir
ac_cv_prog_AWK=gawk
ac_cv_prog_CPP='gcc -E'
ac_cv_prog_ac_ct_AR=ar
ac_cv_prog_ac_ct_CC=gcc
ac_cv_prog_ac_ct_OBJDUMP=objdump
ac_cv_prog_ac_ct_RANLIB=ranlib
ac_cv_prog_ac_ct_STRIP=strip
ac_cv_prog_cc_c89=
ac_cv_prog_cc_g=yes
ac_cv_prog_make_make_set=yes
am_cv_CC_dependencies_compiler_type=gcc3
lt_cv_deplibs_check_method=pass_all
lt_cv_file_magic_cmd='$MAGIC_CMD'
lt_cv_file_magic_test_file=
lt_cv_ld_reload_flag=-r
lt_cv_nm_interface='BSD nm'
lt_cv_objdir=.libs
lt_cv_path_LD=/shared/foliern/sccLinux/buildroot-2011.11/output/host/usr/i586-unknown-linux-gnu/bin/ld
lt_cv_path_NM='/shared/foliern/sccLinux/buildroot-2011.11/output/host/usr/bin/nm -B'
lt_cv_prog_compiler_c_o=yes
lt_cv_prog_compiler_pic_works=yes
lt_cv_prog_compiler_rtti_exceptions=no
lt_cv_prog_compiler_static_works=yes
lt_cv_prog_gnu_ld=yes
lt_cv_sys_global_symbol_pipe='sed -n -e '\''s/^.*[	 ]\([ABCDGIRSTW][ABCDGIRSTW]*\)[	 ][	 ]*\([_A-Za-z][_A-Za-z0-9]*\)$/\1 \2 \2/p'\'''
lt_cv_sys_global_symbol_to_c_name_address='sed -n -e '\''s/^: \([^ ]*\) $/  {\"\1\", (void *) 0},/p'\'' -e '\''s/^[ABCDGIRSTW]* \([^ ]*\) \([^ ]*\)$/  {"\2", (void *) \&\2},/p'\'''
lt_cv_sys_global_symbol_to_c_name_address_lib_prefix='sed -n -e '\''s/^: \([^ ]*\) $/  {\"\1\", (void *) 0},/p'\'' -e '\''s/^[ABCDGIRSTW]* \([^ ]*\) \(lib[^ ]*\)$/  {"\2", (void *) \&\2},/p'\'' -e '\''s/^[ABCDGIRSTW]* \([^ ]*\) \([^ ]*\)$/  {"lib\2", (void *) \&\2},/p'\'''
lt_cv_sys_global_symbol_to_cdecl='sed -n -e '\''s/^T .* \(.*\)$/extern int \1();/p'\'' -e '\''s/^[ABCDGIRSTW]* .* \(.*\)$/extern char \1;/p'\'''
lt_cv_sys_max_cmd_len=1572864

## ----------------- ##
## Output variables. ##
## ----------------- ##

ACLOCAL='${SHELL} /shared/foliern/snetSrc/pcl-1.12/missing --run aclocal-1.11'
AMDEPBACKSLASH='\'
AMDEP_FALSE='#'
AMDEP_TRUE=''
AMTAR='${SHELL} /shared/foliern/snetSrc/pcl-1.12/missing --run tar'
AR='ar'
AUTOCONF='${SHELL} /shared/foliern/snetSrc/pcl-1.12/missing --run autoconf'
AUTOHEADER='${SHELL} /shared/foliern/snetSrc/pcl-1.12/missing --run autoheader'
AUTOMAKE='${SHELL} /shared/foliern/snetSrc/pcl-1.12/missing --run automake-1.11'
AWK='gawk'
CC='gcc'
CCDEPMODE='depmode=gcc3'
CFLAGS='-g -O2'
CPP='gcc -E'
CPPFLAGS=''
CYGPATH_W='echo'
DEFS='-DHAVE_CONFIG_H'
DEPDIR='.deps'
DSYMUTIL=''
DUMPBIN=''
ECHO_C=''
ECHO_N='-n'
ECHO_T=''
EGREP='/bin/grep -E'
EXEEXT=''
FGREP='/bin/grep -F'
GREP='/bin/grep'
INSTALL_DATA='${INSTALL} -m 644'
INSTALL_PROGRAM='${INSTALL}'
INSTALL_SCRIPT='${INSTALL}'
INSTALL_STRIP_PROGRAM='$(install_sh) -c -s'
LD='/shared/foliern/sccLinux/buildroot-2011.11/output/host/usr/i586-unknown-linux-gnu/bin/ld -m elf_i386'
LDFLAGS=''
LIBOBJS=''
LIBS=''
LIBTOOL='$(SHELL) $(top_builddir)/libtool'
LIPO=''
LN_S='ln -s'
LTLIBOBJS=''
MAKEINFO='${SHELL} /shared/foliern/snetSrc/pcl-1.12/missing --run makeinfo'
MKDIR_P='/bin/mkdir -p'
NM='/shared/foliern/sccLinux/buildroot-2011.11/output/host/usr/bin/nm -B'
NMEDIT=''
OBJDUMP='objdump'
OBJEXT='o'
OTOOL64=''
OTOOL=''
PACKAGE='libpcl'
PACKAGE_BUGREPORT=''
PACKAGE_NAME='libpcl'
PACKAGE_STRING='libpcl 1.12'
PACKAGE_TARNAME='libpcl'
PACKAGE_URL=''
PACKAGE_VERSION='1.12'
PATH_SEPARATOR=':'
RANLIB='ranlib'
SED='/bin/sed'
SET_MAKE=''
SHELL='/bin/sh'
STRIP='strip'
VERSION='1.12'
ac_ct_CC='gcc'
ac_ct_DUMPBIN=''
am__EXEEXT_FALSE=''
am__EXEEXT_TRUE='#'
am__fastdepCC_FALSE='#'
am__fastdepCC_TRUE=''
am__include='include'
am__isrc=''
am__leading_dot='.'
am__quote=''
am__tar='${AMTAR} chof - "$$tardir"'
am__untar='${AMTAR} xf -'
bindir='${exec_prefix}/bin'
build='x86_64-unknown-linux-gnu'
build_alias=''
build_cpu='x86_64'
build_os='linux-gnu'
build_vendor='unknown'
datadir='${datarootdir}'
datarootdir='${prefix}/share'
docdir='${datarootdir}/doc/${PACKAGE_TARNAME}'
dvidir='${docdir}'
exec_prefix='${prefix}'
host='x86_64-unknown-linux-gnu'
host_alias=''
host_cpu='x86_64'
host_os='linux-gnu'
host_vendor='unknown'
htmldir='${docdir}'
includedir='${prefix}/include'
infodir='${datarootdir}/info'
install_sh='${SHELL} /shared/foliern/snetSrc/pcl-1.12/install-sh'
libdir='${exec_prefix}/lib'
libexecdir='${exec_prefix}/libexec'
localedir='${datarootdir}/locale'
localstatedir='${prefix}/var'
lt_ECHO='echo'
mandir='${datarootdir}/man'
mkdir_p='/bin/mkdir -p'
oldincludedir='/usr/include'
pdfdir='${docdir}'
prefix='/shared/foliern/snetInstall'
program_transform_name='s,x,x,'
psdir='${docdir}'
sbindir='${exec_prefix}/sbin'
sharedstatedir='${prefix}/com'
sysconfdir='${prefix}/etc'
target_alias=''

## ----------- ##
## confdefs.h. ##
## ----------- ##

/* confdefs.h */
#define PACKAGE_NAME "libpcl"
#define PACKAGE_TARNAME "libpcl"
#define PACKAGE_VERSION "1.12"
#define PACKAGE_STRING "libpcl 1.12"
#define PACKAGE_BUGREPORT ""
#define PACKAGE_URL ""
#define PACKAGE "libpcl"
#define VERSION "1.12"
#define STDC_HEADERS 1
#define HAVE_SYS_TYPES_H 1
#define HAVE_SYS_STAT_H 1
#define HAVE_STDLIB_H 1
#define HAVE_STRING_H 1
#define HAVE_MEMORY_H 1
#define HAVE_STRINGS_H 1
#define HAVE_INTTYPES_H 1
#define HAVE_STDINT_H 1
#define HAVE_UNISTD_H 1
#define HAVE_DLFCN_H 1
#define LT_OBJDIR ".libs/"
#define STDC_HEADERS 1
#define HAVE_MEMSET 1
#define HAVE_MALLOC 1
#define HAVE_FREE 1
#define HAVE_MAKECONTEXT 1
#define HAVE_GETCONTEXT 1
#define HAVE_SWAPCONTEXT 1
#define HAVE_SIGACTION 1
#define HAVE_LONGJMP 1
#define HAVE_SETJMP 1
#define HAVE_SIGALTSTACK 1

configure: exit 0
